2022-04-15 03:11:25 [INFO] - [GET]/user/socialLogin -- undefined
2022-04-15 03:14:52 [INFO] - [GET]/user/socialLogin -- undefined
2022-04-15 03:15:17 [INFO] - [GET]/user/socialLogin -- undefined
2022-04-15 03:16:23 [INFO] - [GET]/user/socialLogin -- undefined
2022-04-15 03:16:25 [INFO] - [GET]/user/socialLogin -- undefined
2022-04-15 03:16:31 [INFO] - [GET]/user/socialLogin -- undefined
2022-04-15 03:16:49 [INFO] - [GET]/user/socialLogin -- undefined
2022-04-15 03:20:12 [INFO] - [GET]/user/socialLogin -- undefined
2022-04-15 03:27:21 [INFO] - [GET]/user/socialLogin -- undefined
2022-04-15 03:29:21 [INFO] - [GET]/user/socialLogin -- undefined
2022-04-15 03:59:23 [INFO] - [GET]/user/response?code=XksUWWkg6bi__NJ_cx_VCndAZLdxNsPQV_JlaHNqPGl6wwfzqKQi8CB3oK2fOoY4S4veOAopb7gAAAGAKXHDLg -- undefined
2022-04-15 03:59:27 [INFO] - [GET]/user/response?code=M4csT4pTgIbBg_48EP1-X-LqzZm4v0uvI8pYMzXioOIljqzUI-7GWj_WfFLhkQzJc-26kAopb7gAAAGAKXHSsg -- undefined
2022-04-15 04:00:15 [INFO] - [GET]/user/response?code=M4csT4pTgIbBg_48EP1-X-LqzZm4v0uvI8pYMzXioOIljqzUI-7GWj_WfFLhkQzJc-26kAopb7gAAAGAKXHSsg -- undefined
2022-04-15 04:00:47 [INFO] - [GET]/user/response?code=D4jn_i0peTeKXO_jSCmM4MdC_wWhSiQQ8ccmeBbcap4u5mycY-3YrDNrP5nZPXA1gi43mwopcJ4AAAGAKXMOXg -- undefined
2022-04-15 04:01:25 [INFO] - [GET]/user/response?code=D4jn_i0peTeKXO_jSCmM4MdC_wWhSiQQ8ccmeBbcap4u5mycY-3YrDNrP5nZPXA1gi43mwopcJ4AAAGAKXMOXg -- undefined
2022-04-15 04:01:46 [INFO] - [GET]/user/response?code=GIMmcAewA0jT8Nix9sgSOAWlG7dOFrOZ1c07pXsy1wBQ5DVTx0OM8DmAL3wYxE2r4J0CzAopcNEAAAGAKXP0lw -- undefined
2022-04-15 04:07:07 [INFO] - [GET]/user/socialLogin -- undefined
2022-04-15 04:07:07 [INFO] - [RES] ERROR (NaN)-- 서버에서 에러가 발생하였습니다.
2022-04-15 04:08:16 [INFO] - [GET]/user/socialLogin -- undefined
2022-04-15 04:16:35 [INFO] - [GET]/user/response?code=Z7_2e367hivxs2enCg9c7J1gKBXMUgv_2pHV_s0oMT-H2LJARmQLzZad5MON6ckQ1dWfPAo9dZoAAAGAKYGEjA -- undefined
2022-04-15 04:26:50 [INFO] - [GET]/user/response?code=JGBSwTssGemyHLFDvraKWhcE_Wgpfon7m1RDuDPAbEjz6-8PuqL0_prLuiIL4a5kYsI45Ao9cpcAAAGAKYrm8Q -- undefined
2022-04-15 04:27:44 [INFO] - [GET]/user/response?code=qtc0Iz1PEu1Uo8GZ94jEvINDcfXgmDUeTvS3vslyjsMSrlTz7RwW4zAVV4RNoloTkeqFUwo9c5sAAAGAKYu6PQ -- undefined
2022-04-15 04:28:31 [INFO] - [GET]/user/response?code=qtc0Iz1PEu1Uo8GZ94jEvINDcfXgmDUeTvS3vslyjsMSrlTz7RwW4zAVV4RNoloTkeqFUwo9c5sAAAGAKYu6PQ -- undefined
2022-04-15 04:29:56 [INFO] - [GET]/user/response?code=HvGNLhqvmDzOMEh34I1QfyL55_J_hedY7XvTlzKDo-p8sUe_T-C2Ia1DwtKh_jgKXl79XAopcJ4AAAGAKY296A -- undefined
2022-04-15 04:37:12 [INFO] - [GET]/user/response?code=ZJGRIGW3eulEjGozlDEhXJoFX6EppZjNspX40etArbTP1uzhzS1etIB_w9qOtFNHkzbkrQopdSkAAAGAKZRkWA -- undefined
2022-04-15 04:37:52 [INFO] - [GET]/user/response?code=dxU43amuKJifMWTubWTNFfYTglegWBdUEABM5IVv6pCMxOWqJw85umZyzLs42X2b000s-gopcFEAAAGAKZUB5g -- undefined
2022-04-15 04:39:54 [INFO] - [GET]/user/response?code=dxU43amuKJifMWTubWTNFfYTglegWBdUEABM5IVv6pCMxOWqJw85umZyzLs42X2b000s-gopcFEAAAGAKZUB5g -- undefined
2022-04-15 04:41:54 [INFO] - [GET]/user/response?code=dxU43amuKJifMWTubWTNFfYTglegWBdUEABM5IVv6pCMxOWqJw85umZyzLs42X2b000s-gopcFEAAAGAKZUB5g -- undefined
2022-04-15 05:29:06 [INFO] - [GET]/user/socialLogin -- undefined
2022-04-15 05:31:22 [INFO] - [GET]/user/response?code=HUZZ6cTZ0sEbHMT4oQgNV2F4lW_FyAPCFOdmSb8LYiWaPTUsxrZ-AjkHNt6JICofpdqA-AorDSAAAAGAKcX8dg -- undefined
2022-04-15 05:32:56 [INFO] - [GET]/user/response?code=wQc3zHDvGg5MEUrIhIP0s5SWgpIyiUiWhP5TaxrL0u4kH8U78ZUT3q6lWJtYSFPf_bEhpAopb9QAAAGAKcdrjg -- undefined
2022-04-15 18:12:27 [INFO] - [GET]/user/response?code=Goss27gVvQ6luT3mXFKdM4FzRAiMYoA0TDl8L4qAvafJ9VwXE2ex2Oeh-8l-Wciodf_Mrgo9c5sAAAGALH7H6Q -- undefined
2022-04-15 18:39:21 [INFO] - [GET]/user/response?code=Goss27gVvQ6luT3mXFKdM4FzRAiMYoA0TDl8L4qAvafJ9VwXE2ex2Oeh-8l-Wciodf_Mrgo9c5sAAAGALH7H6Q -- undefined
2022-04-15 18:39:38 [INFO] - [GET]/user/response?code=gowR1RfEPf6LxTpIpRJtRdhXLwqaUvGJqA0_a5U9P2QREPSbif9wxnuQQeL6Rpm8IlO2pgopcBMAAAGALJeoJA -- undefined
2022-04-15 18:42:59 [INFO] - [GET]/user/response?code=xyACpQTeo4fTsDfMRQ2JmbJce_vysh5pysjeLhyvgGYz87YZURw7T0ZP6tdnMJt8E3mV0gopcSEAAAGALJq7SA -- undefined
2022-04-15 18:43:11 [INFO] - [GET]/user/response?code=zIf4VzbAyov3DTX3rPN3HNd_d65SHpfLUVlaaKiQX0Tes5iXCc1_FCMHoAFTPxW4BZ8NsQopcSEAAAGALJrqCQ -- undefined
2022-04-15 18:45:57 [INFO] - [GET]/user/response?code=zIf4VzbAyov3DTX3rPN3HNd_d65SHpfLUVlaaKiQX0Tes5iXCc1_FCMHoAFTPxW4BZ8NsQopcSEAAAGALJrqCQ -- undefined
2022-04-15 18:46:07 [INFO] - [GET]/user/response?code=H3AP64eIxIiZn7hL9qnD2XRjH7TuharCFfjEBg3Fv4Elmt56Iax9bvNw_FJBgl13eZ_pdgo9dNoAAAGALJ2a9Q -- undefined
2022-04-15 18:47:23 [INFO] - [GET]/user/response?code=nEBgA7QsVYIeXw6Ki3ebpSDhFs6WW2hmfkadvkGJTEqylb0dkklrwPPylWc4bKjpT_K6lworDNMAAAGALJ7A1g -- undefined
2022-04-15 18:48:37 [INFO] - [GET]/user/response?code=NKAyE2tIhRqy42lC_CwRdUwbjo9Vh8Vdrz6qHiJDMgjQHbdkauEQ_quAqyr5ltqoDc3F8Qo9dRoAAAGALJ_jsQ -- undefined
2022-04-15 18:49:49 [INFO] - [GET]/user/response?code=ujXGXbkP5Lb1SBm9QVnCPP4uVp9s0ZV3-szNzrQFIQra_rP0AXlYrcLwjPT2gUKgqmdYxAo9c5oAAAGALKD9Xg -- undefined
2022-04-15 18:51:53 [INFO] - [GET]/user/response?code=v4z8_4htP3vERMCQyMKJzbdO1yuj8WxRWrlzPObCyV7trWS0Dk-ER8ViknGbqSWonf0Wuwo9dGgAAAGALKLhYQ -- undefined
2022-04-15 18:57:35 [INFO] - [GET]/user/response?code=v4z8_4htP3vERMCQyMKJzbdO1yuj8WxRWrlzPObCyV7trWS0Dk-ER8ViknGbqSWonf0Wuwo9dGgAAAGALKLhYQ -- undefined
2022-04-15 18:57:49 [INFO] - [GET]/user/response?code=wpVjxCXpATwjibhz5lADN4xfUIqPYlfyjewNNQ7vDIxJBfHLCMh3UBbXq8VakPnfzFLlmAo9dZoAAAGALKhQmw -- undefined
2022-04-15 19:00:49 [INFO] - [GET]/user/response?code=UYEc7TMgdqPhpLWgSfx9MyAJVDckCT4_LD4UcZ7wvupAfpMUCdMolMw59xGWhMASwiUxagopyNkAAAGALKsQLw -- undefined
2022-04-15 19:01:40 [INFO] - [GET]/user/response?code=Pd7xghpx8ybYZcmymi-xePeIlT8iMZgws1j0dnkz8yMfGYC8852VtdxISGMka8IR2W1s0QorDKgAAAGALKvU7A -- undefined
2022-04-15 19:16:17 [INFO] - [GET]/user/response?code=c9_UkXyr07Z5Ypq2WMrTaRvsU2OqJj9ucC7XSMbZaEPGtLJNjzDgaW38gJpqRMlVoeem-wo9dRkAAAGALLk35A -- undefined
2022-04-15 19:23:23 [INFO] - [GET]/user/response?code=hIM3LTkNvBH0LipKwbSISXdTxNym4zi5IHKQ8e-AC2PZVXTUYMYoMeAmzMJpwczK7J-x5AopcNEAAAGALL-3Iw -- undefined
2022-04-15 19:24:57 [INFO] - [GET]/user/response?code=tCesVnJQZcjd9mbomb3ilbi0F2fW3GQazjuQDTrbB_iitzVaEdWF_mT2SMiZ4oHcXLX_xQorDNIAAAGALMEohA -- undefined
2022-04-15 19:26:59 [INFO] - [GET]/user/response?code=tCesVnJQZcjd9mbomb3ilbi0F2fW3GQazjuQDTrbB_iitzVaEdWF_mT2SMiZ4oHcXLX_xQorDNIAAAGALMEohA -- undefined
2022-04-15 19:27:14 [INFO] - [GET]/user/response?code=i8yxgu_gpDCKm8ZZyqPOg46Sst6mwT2BZrCHa6FaszoewWX7trmBCbfZ7DPfclZuhBJzAwo9dJkAAAGALMM8MQ -- undefined
2022-04-15 19:27:43 [INFO] - [GET]/user/response?code=i8yxgu_gpDCKm8ZZyqPOg46Sst6mwT2BZrCHa6FaszoewWX7trmBCbfZ7DPfclZuhBJzAwo9dJkAAAGALMM8MQ -- undefined
2022-04-15 19:27:48 [INFO] - [GET]/user/response?code=Tm5APaLYKTl5YGp1b-jKRaP8VjhHwDDinhJrnbbXeiBGbFkg_2S8-EhBwt6AIJ7JnxirwQo9dGgAAAGALMPCvw -- undefined
2022-04-15 19:29:48 [INFO] - [GET]/user/response?code=Tm5APaLYKTl5YGp1b-jKRaP8VjhHwDDinhJrnbbXeiBGbFkg_2S8-EhBwt6AIJ7JnxirwQo9dGgAAAGALMPCvw -- undefined
2022-04-15 19:35:49 [INFO] - [GET]/user/response?code=SscQ8HowTUqx2UOJJT88yoVdoSMHrFVPvnrhD7u7Gok5kZXdoXhdnrXtn90mPDOe8DXPGQo9cpgAAAGALMsZ5w -- undefined
2022-04-15 19:36:03 [INFO] - [GET]/user/response?code=AVUHumBJm5haxyE2bmSuaTFQC9h4LHGwqweZ28gweYLpje-PMYXV_fNPKpShe0Q17CGJEQo9cpgAAAGALMtSBg -- undefined
2022-04-15 19:36:29 [INFO] - [GET]/user/response?code=KpgTrO7iKjZbSsXKfREswSiexrMkhB4VR5pnhtYYmmDvEYMkcctLowbpql-BSwVwb-avSQo9cpgAAAGALMu3DQ -- undefined
2022-04-15 19:37:53 [INFO] - [GET]/user/response?code=KpgTrO7iKjZbSsXKfREswSiexrMkhB4VR5pnhtYYmmDvEYMkcctLowbpql-BSwVwb-avSQo9cpgAAAGALMu3DQ -- undefined
2022-04-15 19:37:58 [INFO] - [GET]/user/response?code=HPhrzkFXv5A7sIGIMKBH98L3es9UIOs_Nq4YP9jO4Dp600HylfEVBKZ8CMKLZbNcE79eAgo9dZsAAAGALM0S6Q -- undefined
2022-04-15 19:38:48 [INFO] - [GET]/user/response?code=JwuBwT1YE2pbTSib9qDksSoOGB6ruoFGXYNq2Jpee5tjKBv8tRHVuvzHiozOlzorS3PFZwo9dGkAAAGALM3Vlw -- undefined
2022-04-15 19:39:57 [INFO] - [GET]/user/response?code=g5lfl4jxowu08O309gOsCPHikd1yFvgWQCNeBa3P6jUoVEzU_fGFs4xLwYcLTtgsgJjyPAopcFAAAAGALM7iXw -- undefined
2022-04-15 19:41:23 [INFO] - [GET]/user/response?code=zKEJGesNGiJVLGuwfonTFJB913vWbG1xrOQL4MLn52x8TtCY_l4eqrUGJuh8igb6JgDLwQopb7gAAAGALNAyPw -- undefined
2022-04-15 19:42:38 [INFO] - [GET]/user/response?code=Ku_4Okc82EBZrLC4pBpwBC-CCbUXlUfZ0VmzLzoxIE2i7gdPokXaGXrQ6Xdq-rzT08fx6gopyWAAAAGALNFVaQ -- undefined
2022-04-15 19:45:58 [INFO] - [GET]/user/response?code=JQ_7gfdBh_FvoHUfGWeTUqJ7L61J203OrIuu_i6maAdIC9ApLiIQm6szyz3donH5uyHvtgorDSAAAAGALNRjMA -- undefined
2022-04-15 19:47:01 [INFO] - [GET]/user/response?code=Zt6qgK72RF0-ltlpMFid68LtjAu2KQnZM1qIbkQdRRI7UMOAiexutAP8zoYgmRRNLgJsigopb9QAAAGALNVZVg -- undefined
2022-04-15 19:49:11 [INFO] - [GET]/user/response?code=7mBABgYkbbrZ4PpMAkryHYqPXxphleOMK32KLGMx5kYchMG9HaCKEUVx5sscLCrT8CrKqwopyV4AAAGALNdYVg -- undefined
2022-04-15 19:52:58 [INFO] - [GET]/user/response?code=7B_mAR1VIXZyAezAosjwGurGw_1qgQzwhWZQ0JPOnh309p8rHcyvdeRqrZafx2hv_uaz-AopcBQAAAGALNrNiA -- undefined
2022-04-15 21:23:31 [INFO] - [POST]/user/signUp -- undefined
2022-04-15 21:23:31 [INFO] - [RES] ERROR (NaN)-- 비밀번호는 대문자, 소문자, 특수문자를 필수로 사용하여 8 ~ 16자 사이로 작성하셔야합니다.
2022-04-15 21:23:49 [INFO] - [POST]/user/signUp -- undefined
2022-04-15 21:23:49 [INFO] - [RES] SUCCE (NaN)-- undefined
2022-04-15 21:35:42 [INFO] - [POST]/user/login -- undefined
2022-04-15 21:35:42 [INFO] - [RES] SUCCE (NaN)-- {"data":{"id":13},"auth_token":"eyJhbGciOiJIUzI1NiIsInR5cCI6IkpXVCJ9.eyJsb2dpbklkIjoiaHl0MTk5NSIsIndlYXRoZXJNZXJiZXIiOnRydWUsInRva2VuX2R0bSI6IjIwMjIvMDQvMTUgMjE6MjM6NDUiLCJpYXQiOjE2NTAwMjYxNDIsImV4cCI6MTY1MDExMjU0MiwiaXNzIjoidm9sdW50ZWVyIiwic3ViIjoidm9sdW50ZWVySW5mbyJ9.QuvQyhHULUDaH2xz41KO6IM9uM_rR848HAnMrdciqv4"}
2022-04-15 21:38:53 [INFO] - [POST]/user/login -- undefined
2022-04-15 21:38:53 [INFO] - [RES] SUCCE (NaN)-- {"data":{"id":13},"auth_token":"eyJhbGciOiJIUzI1NiIsInR5cCI6IkpXVCJ9.eyJsb2dpbklkIjoiaHl0MTk5NSIsIndlYXRoZXJNZXJiZXIiOnRydWUsInRva2VuX2R0bSI6IjIwMjIvMDQvMTUgMjE6Mzg6NDkiLCJpYXQiOjE2NTAwMjYzMzMsImV4cCI6MTY1MDExMjczMywiaXNzIjoidm9sdW50ZWVyIiwic3ViIjoidm9sdW50ZWVySW5mbyJ9.ZoSlEGjPDJ5c3Z7eTyFafT9TdRdArcq6jvtTvuWkCq4"}
2022-04-15 21:39:14 [INFO] - [GET]/volunteerInfo/infoLookUp -- undefined
2022-04-15 21:39:14 [INFO] - [RES] SUCCE (NaN)-- {"count":23,"dataList":[{"registNo":"2818256","progrmTitle":"[아름다운가게 영등포점] 월요일 오전(10:30 ~ 14:30) / 재사용 나눔가게 운영 지원(최소 4회, 통화필수)","progrmBeginDate":"20220401","progrmEndDate":"20220630","actBeginTm":"10","actEndTm":"14","recruitNunber":3,"srvcClcode":"기타 > 기타","peoplePossible":"N/Y/N","mnnstNm":"아름다운 가게 영등포점","postAdres":"서울특별시 영등포구 영중로 지하 40 영등포뉴타운 지하쇼핑몰 이벤트홀 (지하)","adminName":"이웅술","email":"wsuri@beautifulstore.org","progrmExpl":"비영리 재단법인 아름다운가게는 기증받은 물품을 판매하여, 그 수익으로 우리 주변의 어려운 이웃을 돕는 사회적 기업입니다. \r\n아름다운가게의 수익금은 도움이 필요한 이웃들의 교육비, 병원비, 주거생활안정비 등으로 사용됩니다.\r\n판매와 수익나눔, 기증접수를 함께 할 자원봉사자를 모집하니 많은 참여 바랍니다. \r\n\r\n- 활동시간 : 10:30 ~ 14:30 (총 4시간, 휴게시간 포함)\r\n- 지원자격 : 17세~55세 미만 (노동강도가 있어 제한합니다) \r\n- 활동내용 : 재사용 나눔가게 운영지원 (매장 청소, 물품 정리정돈 및 판매, 기증자 응대 등)\r\n- 운영상 1회성 봉사 불가합니다.(4주간 최소 4회)\r\n * [필독] 반드시 1365 사이트 신청후 매장으로 전화주세요. (02-2069-1002) \r\n * 무단 불참의 경우 나머지 활동 반려될 수 있습니다. 불참은 최소 2일 전 매장으로 연락 바라며, 그 외는 무단불참으로 간주합니다.\r\n\r\n *** 청소년은 방학 중에만 평일 봉사가 가능합니다.\r\n \r\n - 위치 : 영등포구 영중로 지하40 영등포뉴타운지하쇼핑물 이벤트홀 \r\n            (간판 우측 하얀 문으로 들어오세요)\r\n - 전화 : 02-2069-1002","telNo":"02-2069-1002","actWkdy":"1000000","noticeBegin":"20220303","noticeEnd":"20220630"},{"registNo":"2818263","progrmTitle":"[아름다운가게 영등포점] 화요일 오전(10:30 ~ 14:30) / 재사용 나눔가게 운영 지원(최소 4회, 통화필수)","progrmBeginDate":"20220401","progrmEndDate":"20220630","actBeginTm":"10","actEndTm":"14","recruitNunber":3,"srvcClcode":"기타 > 기타","peoplePossible":"N/Y/N","mnnstNm":"아름다운 가게 영등포점","postAdres":"서울특별시 영등포구 영중로 지하 40 영등포뉴타운 지하쇼핑몰 이벤트홀 (지하)","adminName":"이웅술","email":"wsuri@beautifulstore.org","progrmExpl":"비영리 재단법인 아름다운가게는 기증받은 물품을 판매하여, 그 수익으로 우리 주변의 어려운 이웃을 돕는 사회적 기업입니다. \r\n아름다운가게의 수익금은 도움이 필요한 이웃들의 교육비, 병원비, 주거생활안정비 등으로 사용됩니다.\r\n판매와 수익나눔, 기증접수를 함께 할 자원봉사자를 모집하니 많은 참여 바랍니다. \r\n\r\n- 활동시간 : 10:30 ~ 14:30 (총 4시간, 휴게시간 포함)\r\n- 지원자격 : 17세~55세 미만 (노동강도가 있어 제한합니다) \r\n- 활동내용 : 재사용 나눔가게 운영지원 (매장 청소, 물품 정리정돈 및 판매, 기증자 응대 등)\r\n- 운영상 1회성 봉사 불가합니다.(4주간 최소 4회)\r\n * [필독] 반드시 1365 사이트 신청후 매장으로 전화주세요. (02-2069-1002) \r\n * 무단 불참의 경우 나머지 활동 반려될 수 있습니다. 불참은 최소 2일 전 매장으로 연락 바라며, 그 외는 무단불참으로 간주합니다.\r\n\r\n *** 청소년은 방학 중에만 평일 봉사가 가능합니다.\r\n \r\n - 위치 : 영등포구 영중로 지하40 영등포뉴타운지하쇼핑물 이벤트홀 \r\n            (간판 우측 하얀 문으로 들어오세요)\r\n - 전화 : 02-2069-1002","telNo":"02-2069-1002","actWkdy":"0100000","noticeBegin":"20220303","noticeEnd":"20220630"},{"registNo":"2818277","progrmTitle":"[아름다운가게 영등포점] 목요일 오전(10:30 ~ 14:30) / 재사용 나눔가게 운영 지원(최소 4회, 통화필수)","progrmBeginDate":"20220401","progrmEndDate":"20220630","actBeginTm":"10","actEndTm":"14","recruitNunber":3,"srvcClcode":"기타 > 기타","peoplePossible":"N/Y/N","mnnstNm":"아름다운 가게 영등포점","postAdres":"서울특별시 영등포구 영중로 지하 40 영등포뉴타운 지하쇼핑몰 이벤트홀 (지하)","adminName":"이웅술","email":"wsuri@beautifulstore.org","progrmExpl":"비영리 재단법인 아름다운가게는 기증받은 물품을 판매하여, 그 수익으로 우리 주변의 어려운 이웃을 돕는 사회적 기업입니다. \r\n아름다운가게의 수익금은 도움이 필요한 이웃들의 교육비, 병원비, 주거생활안정비 등으로 사용됩니다.\r\n판매와 수익나눔, 기증접수를 함께 할 자원봉사자를 모집하니 많은 참여 바랍니다. \r\n\r\n- 활동시간 : 10:30 ~ 14:30 (총 4시간, 휴게시간 포함)\r\n- 지원자격 : 17세~55세 미만 (노동강도가 있어 제한합니다) \r\n- 활동내용 : 재사용 나눔가게 운영지원 (매장 청소, 물품 정리정돈 및 판매, 기증자 응대 등)\r\n- 운영상 1회성 봉사 불가합니다.(4주간 최소 4회)\r\n * [필독] 반드시 1365 사이트 신청후 매장으로 전화주세요. (02-2069-1002) \r\n * 무단 불참의 경우 나머지 활동 반려될 수 있습니다. 불참은 최소 2일 전 매장으로 연락 바라며, 그 외는 무단불참으로 간주합니다.\r\n\r\n *** 청소년은 방학 중에만 평일 봉사가 가능합니다.\r\n \r\n - 위치 : 영등포구 영중로 지하40 영등포뉴타운지하쇼핑물 이벤트홀 \r\n            (간판 우측 하얀 문으로 들어오세요)\r\n - 전화 : 02-2069-1002","telNo":"02-2069-1002","actWkdy":"0001000","noticeBegin":"20220303","noticeEnd":"20220630"},{"registNo":"2818278","progrmTitle":"[아름다운가게 영등포점] 금요일 오전(10:30 ~ 14:30) / 재사용 나눔가게 운영 지원(최소 4회, 통화필수)","progrmBeginDate":"20220401","progrmEndDate":"20220630","actBeginTm":"10","actEndTm":"14","recruitNunber":3,"srvcClcode":"기타 > 기타","peoplePossible":"N/Y/N","mnnstNm":"아름다운 가게 영등포점","postAdres":"서울특별시 영등포구 영중로 지하 40 영등포뉴타운 지하쇼핑몰 이벤트홀 (지하)","adminName":"이웅술","email":"wsuri@beautifulstore.org","progrmExpl":"비영리 재단법인 아름다운가게는 기증받은 물품을 판매하여, 그 수익으로 우리 주변의 어려운 이웃을 돕는 사회적 기업입니다. \r\n아름다운가게의 수익금은 도움이 필요한 이웃들의 교육비, 병원비, 주거생활안정비 등으로 사용됩니다.\r\n판매와 수익나눔, 기증접수를 함께 할 자원봉사자를 모집하니 많은 참여 바랍니다. \r\n\r\n- 활동시간 : 10:30 ~ 14:30 (총 4시간, 휴게시간 포함)\r\n- 지원자격 : 17세~55세 미만 (노동강도가 있어 제한합니다) \r\n- 활동내용 : 재사용 나눔가게 운영지원 (매장 청소, 물품 정리정돈 및 판매, 기증자 응대 등)\r\n- 운영상 1회성 봉사 불가합니다.(4주간 최소 4회)\r\n * [필독] 반드시 1365 사이트 신청후 매장으로 전화주세요. (02-2069-1002) \r\n * 무단 불참의 경우 나머지 활동 반려될 수 있습니다. 불참은 최소 2일 전 매장으로 연락 바라며, 그 외는 무단불참으로 간주합니다.\r\n\r\n *** 청소년은 방학 중에만 평일 봉사가 가능합니다.\r\n \r\n - 위치 : 영등포구 영중로 지하40 영등포뉴타운지하쇼핑물 이벤트홀 \r\n            (간판 우측 하얀 문으로 들어오세요)\r\n - 전화 : 02-2069-1002","telNo":"02-2069-1002","actWkdy":"0000100","noticeBegin":"20220303","noticeEnd":"20220630"},{"registNo":"2818284","progrmTitle":"[아름다운가게 영등포점] 월요일 오후(14:00~18:00) / 재사용 나눔가게 운영 지원(최소 4회, 통화필수)","progrmBeginDate":"20220401","progrmEndDate":"20220630","actBeginTm":"14","actEndTm":"18","recruitNunber":3,"srvcClcode":"기타 > 기타","peoplePossible":"N/Y/N","mnnstNm":"아름다운 가게 영등포점","postAdres":"서울특별시 영등포구 영중로 지하 40 영등포뉴타운 지하쇼핑몰 이벤트홀 (지하)","adminName":"이웅술","email":"wsuri@beautifulstore.org","progrmExpl":"비영리 재단법인 아름다운가게는 기증받은 물품을 판매하여, 그 수익으로 우리 주변의 어려운 이웃을 돕는 사회적 기업입니다. \r\n아름다운가게의 수익금은 도움이 필요한 이웃들의 교육비, 병원비, 주거생활안정비 등으로 사용됩니다.\r\n판매와 수익나눔, 기증접수를 함께 할 자원봉사자를 모집하니 많은 참여 바랍니다. \r\n\r\n- 활동시간 : 14:00~18:00 (총 4시간, 휴게시간 포함)\r\n- 지원자격 : 17세~55세 미만 (노동강도가 있어 제한합니다) \r\n- 활동내용 : 재사용 나눔가게 운영지원 (매장 청소, 물품 정리정돈 및 판매, 기증자 응대 등)\r\n- 운영상 1회성 봉사 불가합니다.(4주간 최소 4회)\r\n * [필독] 반드시 1365 사이트 신청후 매장으로 전화주세요. (02-2069-1002) \r\n * 무단 불참의 경우 나머지 활동 반려될 수 있습니다. 불참은 최소 2일 전 매장으로 연락 바라며, 그 외는 무단불참으로 간주합니다.\r\n\r\n *** 청소년은 방학 중에만 평일 봉사가 가능합니다.\r\n \r\n - 위치 : 영등포구 영중로 지하40 영등포뉴타운지하쇼핑물 이벤트홀 \r\n            (간판 우측 하얀 문으로 들어오세요)\r\n - 전화 : 02-2069-1002","telNo":"02-2069-1002","actWkdy":"1000000","noticeBegin":"20220303","noticeEnd":"20220630"}],"currentPage":1}
2022-04-15 22:15:22 [INFO] - [GET]/user/response?loginId=hyt1995 -- undefined
2022-04-15 22:15:46 [INFO] - [GET]/user/response?loginId=hyt19954 -- undefined
2022-04-15 22:15:51 [INFO] - [GET]/user/response?loginId=hyt19954 -- undefined
2022-04-15 22:16:28 [INFO] - [GET]/user/response?loginId=hyt19954 -- undefined
2022-04-15 22:16:35 [INFO] - [GET]/user/response?loginId=hyt1995 -- undefined
2022-04-15 22:16:42 [INFO] - [GET]/user/response?loginId=hyt1995 -- undefined
2022-04-15 22:19:13 [INFO] - [GET]/user/response?loginId=hyt1995 -- undefined
2022-04-15 22:19:13 [INFO] - [RES] SUCCE (NaN)-- {"code":1,"message":"login","data":{"userId":"hyt1995"}}
2022-04-15 22:43:17 [INFO] - [GET]/volunteerInfo/infoLookUp -- undefined
2022-04-15 22:43:17 [INFO] - [RES] ERROR (NaN)-- 인증키가 없거나 유효하지 않습니다.
2022-04-15 22:43:52 [INFO] - [GET]/volunteerInfo/infoLookUp -- undefined
2022-04-15 22:43:52 [INFO] - [RES] SUCCE (NaN)-- {"count":23,"dataList":[{"registNo":"2818256","progrmTitle":"[아름다운가게 영등포점] 월요일 오전(10:30 ~ 14:30) / 재사용 나눔가게 운영 지원(최소 4회, 통화필수)","progrmBeginDate":"20220401","progrmEndDate":"20220630","actBeginTm":"10","actEndTm":"14","recruitNunber":3,"srvcClcode":"기타 > 기타","peoplePossible":"N/Y/N","mnnstNm":"아름다운 가게 영등포점","postAdres":"서울특별시 영등포구 영중로 지하 40 영등포뉴타운 지하쇼핑몰 이벤트홀 (지하)","adminName":"이웅술","email":"wsuri@beautifulstore.org","progrmExpl":"비영리 재단법인 아름다운가게는 기증받은 물품을 판매하여, 그 수익으로 우리 주변의 어려운 이웃을 돕는 사회적 기업입니다. \r\n아름다운가게의 수익금은 도움이 필요한 이웃들의 교육비, 병원비, 주거생활안정비 등으로 사용됩니다.\r\n판매와 수익나눔, 기증접수를 함께 할 자원봉사자를 모집하니 많은 참여 바랍니다. \r\n\r\n- 활동시간 : 10:30 ~ 14:30 (총 4시간, 휴게시간 포함)\r\n- 지원자격 : 17세~55세 미만 (노동강도가 있어 제한합니다) \r\n- 활동내용 : 재사용 나눔가게 운영지원 (매장 청소, 물품 정리정돈 및 판매, 기증자 응대 등)\r\n- 운영상 1회성 봉사 불가합니다.(4주간 최소 4회)\r\n * [필독] 반드시 1365 사이트 신청후 매장으로 전화주세요. (02-2069-1002) \r\n * 무단 불참의 경우 나머지 활동 반려될 수 있습니다. 불참은 최소 2일 전 매장으로 연락 바라며, 그 외는 무단불참으로 간주합니다.\r\n\r\n *** 청소년은 방학 중에만 평일 봉사가 가능합니다.\r\n \r\n - 위치 : 영등포구 영중로 지하40 영등포뉴타운지하쇼핑물 이벤트홀 \r\n            (간판 우측 하얀 문으로 들어오세요)\r\n - 전화 : 02-2069-1002","telNo":"02-2069-1002","actWkdy":"1000000","noticeBegin":"20220303","noticeEnd":"20220630"},{"registNo":"2818263","progrmTitle":"[아름다운가게 영등포점] 화요일 오전(10:30 ~ 14:30) / 재사용 나눔가게 운영 지원(최소 4회, 통화필수)","progrmBeginDate":"20220401","progrmEndDate":"20220630","actBeginTm":"10","actEndTm":"14","recruitNunber":3,"srvcClcode":"기타 > 기타","peoplePossible":"N/Y/N","mnnstNm":"아름다운 가게 영등포점","postAdres":"서울특별시 영등포구 영중로 지하 40 영등포뉴타운 지하쇼핑몰 이벤트홀 (지하)","adminName":"이웅술","email":"wsuri@beautifulstore.org","progrmExpl":"비영리 재단법인 아름다운가게는 기증받은 물품을 판매하여, 그 수익으로 우리 주변의 어려운 이웃을 돕는 사회적 기업입니다. \r\n아름다운가게의 수익금은 도움이 필요한 이웃들의 교육비, 병원비, 주거생활안정비 등으로 사용됩니다.\r\n판매와 수익나눔, 기증접수를 함께 할 자원봉사자를 모집하니 많은 참여 바랍니다. \r\n\r\n- 활동시간 : 10:30 ~ 14:30 (총 4시간, 휴게시간 포함)\r\n- 지원자격 : 17세~55세 미만 (노동강도가 있어 제한합니다) \r\n- 활동내용 : 재사용 나눔가게 운영지원 (매장 청소, 물품 정리정돈 및 판매, 기증자 응대 등)\r\n- 운영상 1회성 봉사 불가합니다.(4주간 최소 4회)\r\n * [필독] 반드시 1365 사이트 신청후 매장으로 전화주세요. (02-2069-1002) \r\n * 무단 불참의 경우 나머지 활동 반려될 수 있습니다. 불참은 최소 2일 전 매장으로 연락 바라며, 그 외는 무단불참으로 간주합니다.\r\n\r\n *** 청소년은 방학 중에만 평일 봉사가 가능합니다.\r\n \r\n - 위치 : 영등포구 영중로 지하40 영등포뉴타운지하쇼핑물 이벤트홀 \r\n            (간판 우측 하얀 문으로 들어오세요)\r\n - 전화 : 02-2069-1002","telNo":"02-2069-1002","actWkdy":"0100000","noticeBegin":"20220303","noticeEnd":"20220630"},{"registNo":"2818277","progrmTitle":"[아름다운가게 영등포점] 목요일 오전(10:30 ~ 14:30) / 재사용 나눔가게 운영 지원(최소 4회, 통화필수)","progrmBeginDate":"20220401","progrmEndDate":"20220630","actBeginTm":"10","actEndTm":"14","recruitNunber":3,"srvcClcode":"기타 > 기타","peoplePossible":"N/Y/N","mnnstNm":"아름다운 가게 영등포점","postAdres":"서울특별시 영등포구 영중로 지하 40 영등포뉴타운 지하쇼핑몰 이벤트홀 (지하)","adminName":"이웅술","email":"wsuri@beautifulstore.org","progrmExpl":"비영리 재단법인 아름다운가게는 기증받은 물품을 판매하여, 그 수익으로 우리 주변의 어려운 이웃을 돕는 사회적 기업입니다. \r\n아름다운가게의 수익금은 도움이 필요한 이웃들의 교육비, 병원비, 주거생활안정비 등으로 사용됩니다.\r\n판매와 수익나눔, 기증접수를 함께 할 자원봉사자를 모집하니 많은 참여 바랍니다. \r\n\r\n- 활동시간 : 10:30 ~ 14:30 (총 4시간, 휴게시간 포함)\r\n- 지원자격 : 17세~55세 미만 (노동강도가 있어 제한합니다) \r\n- 활동내용 : 재사용 나눔가게 운영지원 (매장 청소, 물품 정리정돈 및 판매, 기증자 응대 등)\r\n- 운영상 1회성 봉사 불가합니다.(4주간 최소 4회)\r\n * [필독] 반드시 1365 사이트 신청후 매장으로 전화주세요. (02-2069-1002) \r\n * 무단 불참의 경우 나머지 활동 반려될 수 있습니다. 불참은 최소 2일 전 매장으로 연락 바라며, 그 외는 무단불참으로 간주합니다.\r\n\r\n *** 청소년은 방학 중에만 평일 봉사가 가능합니다.\r\n \r\n - 위치 : 영등포구 영중로 지하40 영등포뉴타운지하쇼핑물 이벤트홀 \r\n            (간판 우측 하얀 문으로 들어오세요)\r\n - 전화 : 02-2069-1002","telNo":"02-2069-1002","actWkdy":"0001000","noticeBegin":"20220303","noticeEnd":"20220630"},{"registNo":"2818278","progrmTitle":"[아름다운가게 영등포점] 금요일 오전(10:30 ~ 14:30) / 재사용 나눔가게 운영 지원(최소 4회, 통화필수)","progrmBeginDate":"20220401","progrmEndDate":"20220630","actBeginTm":"10","actEndTm":"14","recruitNunber":3,"srvcClcode":"기타 > 기타","peoplePossible":"N/Y/N","mnnstNm":"아름다운 가게 영등포점","postAdres":"서울특별시 영등포구 영중로 지하 40 영등포뉴타운 지하쇼핑몰 이벤트홀 (지하)","adminName":"이웅술","email":"wsuri@beautifulstore.org","progrmExpl":"비영리 재단법인 아름다운가게는 기증받은 물품을 판매하여, 그 수익으로 우리 주변의 어려운 이웃을 돕는 사회적 기업입니다. \r\n아름다운가게의 수익금은 도움이 필요한 이웃들의 교육비, 병원비, 주거생활안정비 등으로 사용됩니다.\r\n판매와 수익나눔, 기증접수를 함께 할 자원봉사자를 모집하니 많은 참여 바랍니다. \r\n\r\n- 활동시간 : 10:30 ~ 14:30 (총 4시간, 휴게시간 포함)\r\n- 지원자격 : 17세~55세 미만 (노동강도가 있어 제한합니다) \r\n- 활동내용 : 재사용 나눔가게 운영지원 (매장 청소, 물품 정리정돈 및 판매, 기증자 응대 등)\r\n- 운영상 1회성 봉사 불가합니다.(4주간 최소 4회)\r\n * [필독] 반드시 1365 사이트 신청후 매장으로 전화주세요. (02-2069-1002) \r\n * 무단 불참의 경우 나머지 활동 반려될 수 있습니다. 불참은 최소 2일 전 매장으로 연락 바라며, 그 외는 무단불참으로 간주합니다.\r\n\r\n *** 청소년은 방학 중에만 평일 봉사가 가능합니다.\r\n \r\n - 위치 : 영등포구 영중로 지하40 영등포뉴타운지하쇼핑물 이벤트홀 \r\n            (간판 우측 하얀 문으로 들어오세요)\r\n - 전화 : 02-2069-1002","telNo":"02-2069-1002","actWkdy":"0000100","noticeBegin":"20220303","noticeEnd":"20220630"},{"registNo":"2818284","progrmTitle":"[아름다운가게 영등포점] 월요일 오후(14:00~18:00) / 재사용 나눔가게 운영 지원(최소 4회, 통화필수)","progrmBeginDate":"20220401","progrmEndDate":"20220630","actBeginTm":"14","actEndTm":"18","recruitNunber":3,"srvcClcode":"기타 > 기타","peoplePossible":"N/Y/N","mnnstNm":"아름다운 가게 영등포점","postAdres":"서울특별시 영등포구 영중로 지하 40 영등포뉴타운 지하쇼핑몰 이벤트홀 (지하)","adminName":"이웅술","email":"wsuri@beautifulstore.org","progrmExpl":"비영리 재단법인 아름다운가게는 기증받은 물품을 판매하여, 그 수익으로 우리 주변의 어려운 이웃을 돕는 사회적 기업입니다. \r\n아름다운가게의 수익금은 도움이 필요한 이웃들의 교육비, 병원비, 주거생활안정비 등으로 사용됩니다.\r\n판매와 수익나눔, 기증접수를 함께 할 자원봉사자를 모집하니 많은 참여 바랍니다. \r\n\r\n- 활동시간 : 14:00~18:00 (총 4시간, 휴게시간 포함)\r\n- 지원자격 : 17세~55세 미만 (노동강도가 있어 제한합니다) \r\n- 활동내용 : 재사용 나눔가게 운영지원 (매장 청소, 물품 정리정돈 및 판매, 기증자 응대 등)\r\n- 운영상 1회성 봉사 불가합니다.(4주간 최소 4회)\r\n * [필독] 반드시 1365 사이트 신청후 매장으로 전화주세요. (02-2069-1002) \r\n * 무단 불참의 경우 나머지 활동 반려될 수 있습니다. 불참은 최소 2일 전 매장으로 연락 바라며, 그 외는 무단불참으로 간주합니다.\r\n\r\n *** 청소년은 방학 중에만 평일 봉사가 가능합니다.\r\n \r\n - 위치 : 영등포구 영중로 지하40 영등포뉴타운지하쇼핑물 이벤트홀 \r\n            (간판 우측 하얀 문으로 들어오세요)\r\n - 전화 : 02-2069-1002","telNo":"02-2069-1002","actWkdy":"1000000","noticeBegin":"20220303","noticeEnd":"20220630"}],"currentPage":1}
