2022-04-13 18:34:39 [INFO] - [POST]/user/login -- undefined
2022-04-13 18:34:39 [INFO] - [RES] SUCCE (NaN)-- {"data":{"id":12},"auth_token":"eyJhbGciOiJIUzI1NiIsInR5cCI6IkpXVCJ9.eyJsb2dpbklkIjoiaHl0MTk5NSIsIndlYXRoZXJNZXJiZXIiOnRydWUsInRva2VuX2R0bSI6IjIwMjIvMDQvMTMgMTg6MzQ6MjkiLCJpYXQiOjE2NDk4NDI0NzksImV4cCI6MTY0OTkyODg3OSwiaXNzIjoidm9sdW50ZWVyIiwic3ViIjoidm9sdW50ZWVySW5mbyJ9.8NBCkMP3QDBYtKIJcLcqmsfEKPOwbE9xUXd0-T-1yHw"}
2022-04-13 19:03:29 [INFO] - [POST]/volunteerInfo/applyVolunteer -- undefined
2022-04-13 19:03:29 [INFO] - [RES] ERROR (NaN)-- 인증키가 없거나 유효하지 않습니다.
2022-04-13 19:04:00 [INFO] - [POST]/volunteerInfo/applyVolunteer -- undefined
2022-04-13 19:04:00 [INFO] - [RES] ERROR (NaN)-- 인증키가 없거나 유효하지 않습니다.
2022-04-13 19:04:00 [INFO] - [RES] SUCCE (NaN)-- "success"
2022-04-13 19:04:00 [INFO] - [RES] ERROR (NaN)-- 서버에서 에러가 발생하였습니다.
2022-04-13 19:04:57 [INFO] - [POST]/volunteerInfo/applyVolunteer -- undefined
2022-04-13 19:04:57 [INFO] - [RES] SUCCE (NaN)-- "success"
2022-04-13 19:05:09 [INFO] - [POST]/volunteerInfo/applyVolunteer -- undefined
2022-04-13 19:05:09 [INFO] - [RES] SUCCE (NaN)-- "success"
2022-04-13 19:05:17 [INFO] - [POST]/volunteerInfo/applyVolunteer -- undefined
2022-04-13 19:05:17 [INFO] - [RES] SUCCE (NaN)-- "success"
2022-04-13 19:06:11 [INFO] - [POST]/volunteerInfo/applyVolunteer -- undefined
2022-04-13 19:06:11 [INFO] - [RES] SUCCE (NaN)-- "success"
2022-04-13 19:06:16 [INFO] - [POST]/volunteerInfo/applyVolunteer -- undefined
2022-04-13 19:06:16 [INFO] - [RES] SUCCE (NaN)-- "success"
2022-04-13 19:06:18 [INFO] - [POST]/volunteerInfo/applyVolunteer -- undefined
2022-04-13 19:06:18 [INFO] - [RES] SUCCE (NaN)-- "success"
2022-04-13 19:06:24 [INFO] - [POST]/volunteerInfo/applyVolunteer -- undefined
2022-04-13 19:06:24 [INFO] - [RES] SUCCE (NaN)-- "success"
2022-04-13 19:06:27 [INFO] - [POST]/volunteerInfo/applyVolunteer -- undefined
2022-04-13 19:06:27 [INFO] - [RES] SUCCE (NaN)-- "success"
2022-04-13 19:06:29 [INFO] - [POST]/volunteerInfo/applyVolunteer -- undefined
2022-04-13 19:06:29 [INFO] - [RES] SUCCE (NaN)-- "success"
2022-04-13 19:06:33 [INFO] - [POST]/volunteerInfo/applyVolunteer -- undefined
2022-04-13 19:06:33 [INFO] - [RES] SUCCE (NaN)-- "success"
2022-04-13 19:06:40 [INFO] - [POST]/volunteerInfo/applyVolunteer -- undefined
2022-04-13 19:06:40 [INFO] - [RES] SUCCE (NaN)-- "success"
2022-04-13 19:06:43 [INFO] - [POST]/volunteerInfo/applyVolunteer -- undefined
2022-04-13 19:06:43 [INFO] - [RES] SUCCE (NaN)-- "success"
2022-04-13 19:06:45 [INFO] - [POST]/volunteerInfo/applyVolunteer -- undefined
2022-04-13 19:06:45 [INFO] - [RES] SUCCE (NaN)-- "success"
2022-04-13 19:06:47 [INFO] - [POST]/volunteerInfo/applyVolunteer -- undefined
2022-04-13 19:06:47 [INFO] - [RES] SUCCE (NaN)-- "success"
2022-04-13 19:06:53 [INFO] - [POST]/volunteerInfo/applyVolunteer -- undefined
2022-04-13 19:06:53 [INFO] - [RES] SUCCE (NaN)-- "success"
2022-04-13 19:06:55 [INFO] - [POST]/volunteerInfo/applyVolunteer -- undefined
2022-04-13 19:06:55 [INFO] - [RES] SUCCE (NaN)-- "success"
2022-04-13 19:06:57 [INFO] - [POST]/volunteerInfo/applyVolunteer -- undefined
2022-04-13 19:06:57 [INFO] - [RES] SUCCE (NaN)-- "success"
2022-04-13 19:07:00 [INFO] - [POST]/volunteerInfo/applyVolunteer -- undefined
2022-04-13 19:07:00 [INFO] - [RES] SUCCE (NaN)-- "success"
2022-04-13 19:18:44 [INFO] - [POST]/volunteerInfo/confirmUserVolunt -- undefined
2022-04-13 19:18:44 [INFO] - [RES] ERROR (NaN)-- 인증키가 없거나 유효하지 않습니다.
2022-04-13 19:19:15 [INFO] - [POST]/volunteerInfo/confirmUserVolunt -- undefined
2022-04-13 19:21:34 [INFO] - [POST]/volunteerInfo/confirmUserVolunt -- undefined
2022-04-13 19:21:34 [INFO] - [RES] ERROR (NaN)-- 서버에서 에러가 발생하였습니다.
2022-04-13 19:21:51 [INFO] - [POST]/volunteerInfo/confirmUserVolunt -- undefined
2022-04-13 19:21:51 [INFO] - [RES] ERROR (NaN)-- 서버에서 에러가 발생하였습니다.
2022-04-13 19:22:50 [INFO] - [POST]/volunteerInfo/confirmUserVolunt -- undefined
2022-04-13 19:22:50 [INFO] - [RES] ERROR (NaN)-- 서버에서 에러가 발생하였습니다.
2022-04-13 19:31:35 [INFO] - [POST]/volunteerInfo/confirmUserVolunt -- undefined
2022-04-13 19:31:35 [INFO] - [RES] SUCCE (NaN)-- "success"
2022-04-13 19:31:53 [INFO] - [POST]/volunteerInfo/confirmUserVolunt -- undefined
2022-04-13 19:31:53 [INFO] - [RES] SUCCE (NaN)-- "success"
2022-04-13 19:32:47 [INFO] - [POST]/volunteerInfo/confirmUserVolunt -- undefined
2022-04-13 19:32:47 [INFO] - [RES] SUCCE (NaN)-- "success"
2022-04-13 19:33:20 [INFO] - [POST]/volunteerInfo/confirmUserVolunt -- undefined
2022-04-13 19:33:20 [INFO] - [RES] SUCCE (NaN)-- "success"
2022-04-13 19:41:02 [INFO] - [POST]/volunteerInfo/confirmUserVolunt -- undefined
2022-04-13 19:41:02 [INFO] - [RES] SUCCE (NaN)-- "success"
2022-04-13 19:41:25 [INFO] - [POST]/volunteerInfo/confirmUserVolunt -- undefined
2022-04-13 19:41:25 [INFO] - [RES] SUCCE (NaN)-- "success"
2022-04-13 20:05:27 [INFO] - [POST]/volunteerInfo/confirmUserVolunt -- undefined
2022-04-13 20:05:27 [INFO] - [RES] SUCCE (NaN)-- "success"
2022-04-13 20:05:35 [INFO] - [POST]/volunteerInfo/confirmUserVolunt -- undefined
2022-04-13 20:05:35 [INFO] - [RES] SUCCE (NaN)-- "success"
2022-04-13 20:10:00 [INFO] - [POST]/volunteerInfo/confirmUserVolunt -- undefined
2022-04-13 20:10:00 [INFO] - [RES] SUCCE (NaN)-- "success"
2022-04-13 20:10:47 [INFO] - [POST]/volunteerInfo/confirmUserVolunt -- undefined
2022-04-13 20:10:47 [INFO] - [RES] SUCCE (NaN)-- "success"
2022-04-13 20:10:58 [INFO] - [POST]/volunteerInfo/confirmUserVolunt -- undefined
2022-04-13 20:10:58 [INFO] - [RES] SUCCE (NaN)-- "success"
2022-04-13 20:36:04 [INFO] - [POST]/volunteerInfo/confirmUserVolunt -- undefined
2022-04-13 20:36:04 [INFO] - [RES] SUCCE (NaN)-- "success"
2022-04-13 20:36:18 [INFO] - [POST]/volunteerInfo/confirmUserVolunt -- undefined
2022-04-13 20:36:18 [INFO] - [RES] SUCCE (NaN)-- "success"
